Spatial error plot saved to: /wsgjsc/home/wenchel1/dg_nasm/output/domain_decomp/20250304-165137/all_solutions_64_subdomains4_alpha1_beta1_symmetry1_iteration_step_0.png
Spatial error plot saved to: /wsgjsc/home/wenchel1/dg_nasm/output/domain_decomp/20250304-165137/all_solutions_64_subdomains4_alpha1_beta1_symmetry1_iteration_step_100.png
Spatial error plot saved to: /wsgjsc/home/wenchel1/dg_nasm/output/domain_decomp/20250304-165137/all_solutions_64_subdomains4_alpha1_beta1_symmetry1_iteration_step_200.png
global spatial error 0.0020723103164350803
Plot for dd convergence saved in output/baseline/Robin_I1_split_symmetry_1_penalty_20_overlap_0_alpha_1_beta_1.pdf
Spatial error plot saved to: output/plots/all_solutions_64_subdomains4_alpha1_beta1_symmetry1_iteration_step_0.png
2D spatial error plot saved to: output/plots/all_solutions_2d_64_subdomains4_alpha1_beta1_symmetry1.png
Spatial error plot saved to: /wsgjsc/home/wenchel1/dg_nasm/output/domain_decomp/20250304-172307/all_solutions_64_subdomains4_alpha1_beta1_symmetry1_iteration_step_0.png
Spatial error plot saved to: /wsgjsc/home/wenchel1/dg_nasm/output/domain_decomp/20250304-172307/all_solutions_64_subdomains4_alpha1_beta1_symmetry1_iteration_step_100.png
Spatial error plot saved to: /wsgjsc/home/wenchel1/dg_nasm/output/domain_decomp/20250304-172307/all_solutions_64_subdomains4_alpha1_beta1_symmetry1_iteration_step_200.png
Spatial error plot saved to: /wsgjsc/home/wenchel1/dg_nasm/output/domain_decomp/20250304-172307/all_solutions_64_subdomains4_alpha1_beta1_symmetry1_iteration_step_300.png
Spatial error plot saved to: /wsgjsc/home/wenchel1/dg_nasm/output/domain_decomp/20250304-172307/all_solutions_64_subdomains4_alpha1_beta1_symmetry1_iteration_step_400.png
Spatial error plot saved to: /wsgjsc/home/wenchel1/dg_nasm/output/domain_decomp/20250304-172307/all_solutions_64_subdomains4_alpha1_beta1_symmetry1_iteration_step_500.png
Spatial error plot saved to: /wsgjsc/home/wenchel1/dg_nasm/output/domain_decomp/20250304-172307/all_solutions_64_subdomains4_alpha1_beta1_symmetry1_iteration_step_600.png
Spatial error plot saved to: /wsgjsc/home/wenchel1/dg_nasm/output/domain_decomp/20250304-172307/all_solutions_64_subdomains4_alpha1_beta1_symmetry1_iteration_step_700.png
Spatial error plot saved to: /wsgjsc/home/wenchel1/dg_nasm/output/domain_decomp/20250304-172307/all_solutions_64_subdomains4_alpha1_beta1_symmetry1_iteration_step_800.png
Spatial error plot saved to: /wsgjsc/home/wenchel1/dg_nasm/output/domain_decomp/20250304-172307/all_solutions_64_subdomains4_alpha1_beta1_symmetry1_iteration_step_900.png
global spatial error 0.0020992147993373483
Plot for dd convergence saved in output/baseline/Robin_as_Neumann_symmetry_1_penalty_100_overlap_0_alpha_1_beta_1.pdf
Spatial error plot saved to: output/plots/all_solutions_64_subdomains4_alpha1_beta1_symmetry1_iteration_step_0.png
2D spatial error plot saved to: output/plots/all_solutions_2d_64_subdomains4_alpha1_beta1_symmetry1.png
